<?xml version="1.0" encoding="UTF-8"?>
<!-- Generated by org.testng.reporters.JUnitReportReporter -->
<testsuite hostname="DESKTOP-VFMVBN8" failures="0" tests="1" name="testCases.FileUploadDemo2" time="7.226" errors="0" timestamp="2022-11-09T15:38:19 CET" skipped="0">
  <testcase classname="testCases.FileUploadDemo2" name="robotText" time="7.226"/>
  <system-out/>
</testsuite> <!-- testCases.FileUploadDemo2 -->
